This file contains any messages produced by compilers while
running configure, to aid debugging if configure makes a mistake.

It was created by FreeType configure 2.5.4, which was
generated by GNU Autoconf 2.69.  Invocation command line was

  $ ./configure --prefix=/export/home/acs/stud/c/cristina.necula/CC/montage/lib/src/freetype-2.5.4/../../freetype --without-png

## --------- ##
## Platform. ##
## --------- ##

hostname = fep-62-1.grid.pub.ro
uname -m = x86_64
uname -r = 2.6.32-431.5.1.el6.x86_64
uname -s = Linux
uname -v = #1 SMP Tue Feb 11 13:30:01 CST 2014

/usr/bin/uname -p = unknown
/bin/uname -X     = unknown

/bin/arch              = x86_64
/usr/bin/arch -k       = unknown
/usr/convex/getsysinfo = unknown
/usr/bin/hostinfo      = unknown
/bin/machine           = unknown
/usr/bin/oslevel       = unknown
/bin/universe          = unknown

PATH: /opt/tools/libraries/openmpi/1.6-gcc-4.6.3/bin
PATH: /opt/tools/libraries/openmpi/1.6-gcc-4.4.6/bin
PATH: /usr/lib64/qt-3.3/bin
PATH: /opt/packer
PATH: /bin
PATH: /opt/tools/fs/orangefs-2.8.7/bin
PATH: /opt/tools/fs/orangefs-2.8.7/sbin
PATH: /srv/ncit-cluster/scripts
PATH: /opt/GE2011.11p1/bin/linux-x64
PATH: /usr/local/bin
PATH: /usr/bin
PATH: /usr/local/sbin
PATH: /usr/sbin
PATH: /sbin
PATH: /export/home/acs/stud/c/cristina.necula/bin


## ----------- ##
## Core tests. ##
## ----------- ##

configure:2529: checking build system type
configure:2543: result: x86_64-unknown-linux-gnu
configure:2563: checking host system type
configure:2576: result: x86_64-unknown-linux-gnu
configure:2648: checking for gcc
configure:2664: found /usr/bin/gcc
configure:2675: result: gcc
configure:2904: checking for C compiler version
configure:2913: gcc --version >&5
gcc (GCC) 4.4.6 20110731 (Red Hat 4.4.6-3)
Copyright (C) 2010 Free Software Foundation, Inc.
This is free software; see the source for copying conditions.  There is NO
warranty; not even for MERCHANTABILITY or FITNESS FOR A PARTICULAR PURPOSE.

configure:2924: $? = 0
configure:2913: gcc -v >&5
Using built-in specs.
Target: x86_64-redhat-linux
Configured with: ../configure --prefix=/usr --mandir=/usr/share/man --infodir=/usr/share/info --with-bugurl=http://bugzilla.redhat.com/bugzilla --enable-bootstrap --enable-shared --enable-threads=posix --enable-checking=release --with-system-zlib --enable-__cxa_atexit --disable-libunwind-exceptions --enable-gnu-unique-object --enable-languages=c,c++,objc,obj-c++,java,fortran,ada --enable-java-awt=gtk --disable-dssi --with-java-home=/usr/lib/jvm/java-1.5.0-gcj-1.5.0.0/jre --enable-libgcj-multifile --enable-java-maintainer-mode --with-ecj-jar=/usr/share/java/eclipse-ecj.jar --disable-libjava-multilib --with-ppl --with-cloog --with-tune=generic --with-arch_32=i686 --build=x86_64-redhat-linux
Thread model: posix
gcc version 4.4.6 20110731 (Red Hat 4.4.6-3) (GCC) 
configure:2924: $? = 0
configure:2913: gcc -V >&5
gcc: '-V' option must have argument
configure:2924: $? = 1
configure:2913: gcc -qversion >&5
gcc: unrecognized option '-qversion'
gcc: no input files
configure:2924: $? = 1
configure:2944: checking whether the C compiler works
configure:2966: gcc    conftest.c  >&5
configure:2970: $? = 0
configure:3018: result: yes
configure:3021: checking for C compiler default output file name
configure:3023: result: a.out
configure:3029: checking for suffix of executables
configure:3036: gcc -o conftest    conftest.c  >&5
configure:3040: $? = 0
configure:3062: result: 
configure:3084: checking whether we are cross compiling
configure:3092: gcc -o conftest    conftest.c  >&5
configure:3096: $? = 0
configure:3103: ./conftest
configure:3107: $? = 0
configure:3122: result: no
configure:3127: checking for suffix of object files
configure:3149: gcc -c   conftest.c >&5
configure:3153: $? = 0
configure:3174: result: o
configure:3178: checking whether we are using the GNU C compiler
configure:3197: gcc -c   conftest.c >&5
configure:3197: $? = 0
configure:3206: result: yes
configure:3215: checking whether gcc accepts -g
configure:3235: gcc -c -g  conftest.c >&5
configure:3235: $? = 0
configure:3276: result: yes
configure:3293: checking for gcc option to accept ISO C89
configure:3356: gcc  -c -g -O2  conftest.c >&5
configure:3356: $? = 0
configure:3369: result: none needed
configure:3394: checking how to run the C preprocessor
configure:3425: gcc -E  conftest.c
configure:3425: $? = 0
configure:3439: gcc -E  conftest.c
conftest.c:9:28: error: ac_nonexistent.h: No such file or directory
configure:3439: $? = 1
configure: failed program was:
| /* confdefs.h */
| #define PACKAGE_NAME "FreeType"
| #define PACKAGE_TARNAME "freetype"
| #define PACKAGE_VERSION "2.5.4"
| #define PACKAGE_STRING "FreeType 2.5.4"
| #define PACKAGE_BUGREPORT "freetype@nongnu.org"
| #define PACKAGE_URL ""
| /* end confdefs.h.  */
| #include <ac_nonexistent.h>
configure:3464: result: gcc -E
configure:3484: gcc -E  conftest.c
configure:3484: $? = 0
configure:3498: gcc -E  conftest.c
conftest.c:9:28: error: ac_nonexistent.h: No such file or directory
configure:3498: $? = 1
configure: failed program was:
| /* confdefs.h */
| #define PACKAGE_NAME "FreeType"
| #define PACKAGE_TARNAME "freetype"
| #define PACKAGE_VERSION "2.5.4"
| #define PACKAGE_STRING "FreeType 2.5.4"
| #define PACKAGE_BUGREPORT "freetype@nongnu.org"
| #define PACKAGE_URL ""
| /* end confdefs.h.  */
| #include <ac_nonexistent.h>
configure:3582: checking for pkg-config
configure:3600: found /usr/bin/pkg-config
configure:3612: result: /usr/bin/pkg-config
configure:3637: checking pkg-config is at least version 0.24
configure:3643: result: no
configure:3695: checking how to print strings
configure:3722: result: printf
configure:3743: checking for a sed that does not truncate output
configure:3807: result: /bin/sed
configure:3825: checking for grep that handles long lines and -e
configure:3883: result: /bin/grep
configure:3888: checking for egrep
configure:3950: result: /bin/grep -E
configure:3955: checking for fgrep
configure:4017: result: /bin/grep -F
configure:4052: checking for ld used by gcc
configure:4119: result: /usr/bin/ld
configure:4126: checking if the linker (/usr/bin/ld) is GNU ld
configure:4141: result: yes
configure:4153: checking for BSD- or MS-compatible name lister (nm)
configure:4202: result: /usr/bin/nm -B
configure:4332: checking the name lister (/usr/bin/nm -B) interface
configure:4339: gcc -c -g -O2  conftest.c >&5
configure:4342: /usr/bin/nm -B "conftest.o"
configure:4345: output
0000000000000000 B some_variable
configure:4352: result: BSD nm
configure:4355: checking whether ln -s works
configure:4359: result: yes
configure:4367: checking the maximum length of command line arguments
configure:4498: result: 1966080
configure:4546: checking how to convert x86_64-unknown-linux-gnu file names to x86_64-unknown-linux-gnu format
configure:4586: result: func_convert_file_noop
configure:4593: checking how to convert x86_64-unknown-linux-gnu file names to toolchain format
configure:4613: result: func_convert_file_noop
configure:4620: checking for /usr/bin/ld option to reload object files
configure:4627: result: -r
configure:4701: checking for objdump
configure:4717: found /usr/bin/objdump
configure:4728: result: objdump
configure:4757: checking how to recognize dependent libraries
configure:4954: result: pass_all
configure:5039: checking for dlltool
configure:5069: result: no
configure:5096: checking how to associate runtime and link libraries
configure:5123: result: printf %s\n
configure:5184: checking for ar
configure:5200: found /usr/bin/ar
configure:5211: result: ar
configure:5248: checking for archiver @FILE support
configure:5265: gcc -c -g -O2  conftest.c >&5
configure:5265: $? = 0
configure:5268: ar cru libconftest.a @conftest.lst >&5
configure:5271: $? = 0
configure:5276: ar cru libconftest.a @conftest.lst >&5
ar: conftest.o: No such file or directory
configure:5279: $? = 1
configure:5291: result: @
configure:5349: checking for strip
configure:5365: found /usr/bin/strip
configure:5376: result: strip
configure:5448: checking for ranlib
configure:5464: found /usr/bin/ranlib
configure:5475: result: ranlib
configure:5552: checking for gawk
configure:5568: found /bin/gawk
configure:5579: result: gawk
configure:5619: checking command to parse /usr/bin/nm -B output from gcc object
configure:5772: gcc -c -g -O2  conftest.c >&5
configure:5775: $? = 0
configure:5779: /usr/bin/nm -B conftest.o \| sed -n -e 's/^.*[ ]\([ABCDGIRSTW][ABCDGIRSTW]*\)[ ][ ]*\([_A-Za-z][_A-Za-z0-9]*\)$/\1 \2 \2/p' | sed '/ __gnu_lto/d' \> conftest.nm
configure:5782: $? = 0
configure:5848: gcc -o conftest -g -O2   conftest.c conftstm.o >&5
configure:5851: $? = 0
configure:5889: result: ok
configure:5936: checking for sysroot
configure:5966: result: no
configure:6086: gcc -c -g -O2  conftest.c >&5
configure:6089: $? = 0
configure:6279: checking for mt
configure:6309: result: no
configure:6329: checking if : is a manifest tool
configure:6335: : '-?'
configure:6343: result: no
configure:6981: checking for ANSI C header files
configure:7001: gcc -c -g -O2  conftest.c >&5
configure:7001: $? = 0
configure:7074: gcc -o conftest -g -O2   conftest.c  >&5
configure:7074: $? = 0
configure:7074: ./conftest
configure:7074: $? = 0
configure:7085: result: yes
configure:7098: checking for sys/types.h
configure:7098: gcc -c -g -O2  conftest.c >&5
configure:7098: $? = 0
configure:7098: result: yes
configure:7098: checking for sys/stat.h
configure:7098: gcc -c -g -O2  conftest.c >&5
configure:7098: $? = 0
configure:7098: result: yes
configure:7098: checking for stdlib.h
configure:7098: gcc -c -g -O2  conftest.c >&5
configure:7098: $? = 0
configure:7098: result: yes
configure:7098: checking for string.h
configure:7098: gcc -c -g -O2  conftest.c >&5
configure:7098: $? = 0
configure:7098: result: yes
configure:7098: checking for memory.h
configure:7098: gcc -c -g -O2  conftest.c >&5
configure:7098: $? = 0
configure:7098: result: yes
configure:7098: checking for strings.h
configure:7098: gcc -c -g -O2  conftest.c >&5
configure:7098: $? = 0
configure:7098: result: yes
configure:7098: checking for inttypes.h
configure:7098: gcc -c -g -O2  conftest.c >&5
configure:7098: $? = 0
configure:7098: result: yes
configure:7098: checking for stdint.h
configure:7098: gcc -c -g -O2  conftest.c >&5
configure:7098: $? = 0
configure:7098: result: yes
configure:7098: checking for unistd.h
configure:7098: gcc -c -g -O2  conftest.c >&5
configure:7098: $? = 0
configure:7098: result: yes
configure:7112: checking for dlfcn.h
configure:7112: gcc -c -g -O2  conftest.c >&5
configure:7112: $? = 0
configure:7112: result: yes
configure:7614: checking for objdir
configure:7629: result: .libs
configure:7896: checking if gcc supports -fno-rtti -fno-exceptions
configure:7914: gcc -c -g -O2  -fno-rtti -fno-exceptions conftest.c >&5
cc1: warning: command line option "-fno-rtti" is valid for C++/ObjC++ but not for C
configure:7918: $? = 0
configure:7931: result: no
configure:8279: checking for gcc option to produce PIC
configure:8286: result: -fPIC -DPIC
configure:8294: checking if gcc PIC flag -fPIC -DPIC works
configure:8312: gcc -c -g -O2  -fPIC -DPIC -DPIC conftest.c >&5
configure:8316: $? = 0
configure:8329: result: yes
configure:8358: checking if gcc static flag -static works
configure:8386: result: no
configure:8401: checking if gcc supports -c -o file.o
configure:8422: gcc -c -g -O2  -o out/conftest2.o conftest.c >&5
configure:8426: $? = 0
configure:8448: result: yes
configure:8456: checking if gcc supports -c -o file.o
configure:8503: result: yes
configure:8536: checking whether the gcc linker (/usr/bin/ld -m elf_x86_64) supports shared libraries
configure:9684: result: yes
configure:9721: checking whether -lc should be explicitly linked in
configure:9729: gcc -c -g -O2  conftest.c >&5
configure:9732: $? = 0
configure:9747: gcc -shared  -fPIC -DPIC conftest.o  -v -Wl,-soname -Wl,conftest -o conftest 2\>\&1 \| /bin/grep  -lc  \>/dev/null 2\>\&1
configure:9750: $? = 0
configure:9764: result: no
configure:9924: checking dynamic linker characteristics
configure:10451: gcc -o conftest -g -O2   -Wl,-rpath -Wl,/foo conftest.c  >&5
configure:10451: $? = 0
configure:10662: result: GNU/Linux ld.so
configure:10769: checking how to hardcode library paths into programs
configure:10794: result: immediate
configure:11342: checking whether stripping libraries is possible
configure:11347: result: yes
configure:11382: checking if libtool supports shared libraries
configure:11384: result: yes
configure:11387: checking whether to build shared libraries
configure:11408: result: yes
configure:11411: checking whether to build static libraries
configure:11415: result: yes
configure:11616: checking for rmdir
configure:11632: found /bin/rmdir
configure:11643: result: rmdir
configure:11671: checking for a BSD-compatible install
configure:11739: result: /usr/bin/install -c
configure:11761: checking for ANSI C header files
configure:11865: result: yes
configure:11876: checking fcntl.h usability
configure:11876: gcc -c -g -O2  conftest.c >&5
configure:11876: $? = 0
configure:11876: result: yes
configure:11876: checking fcntl.h presence
configure:11876: gcc -E  conftest.c
configure:11876: $? = 0
configure:11876: result: yes
configure:11876: checking for fcntl.h
configure:11876: result: yes
configure:11876: checking for unistd.h
configure:11876: result: yes
configure:11890: checking for an ANSI C-conforming const
configure:11956: gcc -c -g -O2  conftest.c >&5
configure:11956: $? = 0
configure:11963: result: yes
configure:11975: checking size of int
configure:11980: gcc -o conftest -g -O2   conftest.c  >&5
configure:11980: $? = 0
configure:11980: ./conftest
configure:11980: $? = 0
configure:11994: result: 4
configure:12008: checking size of long
configure:12013: gcc -o conftest -g -O2   conftest.c  >&5
configure:12013: $? = 0
configure:12013: ./conftest
configure:12013: $? = 0
configure:12027: result: 8
configure:12041: checking whether cpp computation of bit length in ftconfig.in works
configure:12098: result: yes
configure:12136: checking for stdlib.h
configure:12136: result: yes
configure:12136: checking for unistd.h
configure:12136: result: yes
configure:12136: checking for sys/param.h
configure:12136: gcc -c -g -O2  conftest.c >&5
configure:12136: $? = 0
configure:12136: result: yes
configure:12156: checking for getpagesize
configure:12156: gcc -o conftest -g -O2   conftest.c  >&5
configure:12156: $? = 0
configure:12156: result: yes
configure:12165: checking for working mmap
configure:12312: gcc -o conftest -g -O2   conftest.c  >&5
configure:12312: $? = 0
configure:12312: ./conftest
configure:12312: $? = 0
configure:12322: result: yes
configure:12338: checking whether munmap is declared
configure:12338: gcc -c -g -O2  conftest.c >&5
configure:12338: $? = 0
configure:12338: result: yes
configure:12358: checking for munmap's first parameter type
configure:12372: gcc -c -g -O2  conftest.c >&5
configure:12372: $? = 0
configure:12373: result: void *
configure:12390: checking for memcpy
configure:12390: gcc -o conftest -g -O2   conftest.c  >&5
conftest.c:56: warning: conflicting types for built-in function 'memcpy'
configure:12390: $? = 0
configure:12390: result: yes
configure:12390: checking for memmove
configure:12390: gcc -o conftest -g -O2   conftest.c  >&5
conftest.c:57: warning: conflicting types for built-in function 'memmove'
configure:12390: $? = 0
configure:12390: result: yes
configure:12439: checking gcc compiler flag -ansi to assure ANSI C works correctly
configure:12466: gcc -c -g -O2  -ansi  conftest.c >&5
configure:12466: $? = 0
configure:12467: result: ok, add it to XX_ANSIFLAGS
configure:12541: checking for ZLIB
configure:12600: result: no
configure:12626: checking for gzsetparams in -lz
configure:12651: gcc -o conftest -g -O2   conftest.c -lz   >&5
configure:12651: $? = 0
configure:12660: result: yes
configure:12663: checking zlib.h usability
configure:12663: gcc -c -g -O2  conftest.c >&5
configure:12663: $? = 0
configure:12663: result: yes
configure:12663: checking zlib.h presence
configure:12663: gcc -E  conftest.c
configure:12663: $? = 0
configure:12663: result: yes
configure:12663: checking for zlib.h
configure:12663: result: yes
configure:12711: checking for BZIP2
configure:12770: result: no
configure:12796: checking for BZ2_bzDecompress in -lbz2
configure:12821: gcc -o conftest -g -O2   conftest.c -lbz2   >&5
configure:12821: $? = 0
configure:12830: result: yes
configure:12833: checking bzlib.h usability
configure:12833: gcc -c -g -O2  conftest.c >&5
configure:12833: $? = 0
configure:12833: result: yes
configure:12833: checking bzlib.h presence
configure:12833: gcc -E  conftest.c
configure:12833: $? = 0
configure:12833: result: yes
configure:12833: checking for bzlib.h
configure:12833: result: yes
configure:13017: checking for HARFBUZZ
configure:13076: result: no
configure:13899: creating ./config.status

## ---------------------- ##
## Running config.status. ##
## ---------------------- ##

This file was extended by FreeType config.status 2.5.4, which was
generated by GNU Autoconf 2.69.  Invocation command line was

  CONFIG_FILES    = 
  CONFIG_HEADERS  = 
  CONFIG_LINKS    = 
  CONFIG_COMMANDS = 
  $ ./config.status 

on fep-62-1.grid.pub.ro

config.status:1083: creating unix-cc.mk
config.status:1083: creating unix-def.mk
config.status:1083: creating ftconfig.h
config.status:1272: executing libtool commands
configure:15847:

Library configuration:
  external zlib: yes (autoconf test)
  bzip2:         yes (autoconf test)
  libpng:        no
  harfbuzz:      no


## ---------------- ##
## Cache variables. ##
## ---------------- ##

ac_cv_build=x86_64-unknown-linux-gnu
ac_cv_c_compiler_gnu=yes
ac_cv_c_const=yes
ac_cv_env_BZIP2_CFLAGS_set=
ac_cv_env_BZIP2_CFLAGS_value=
ac_cv_env_BZIP2_LIBS_set=
ac_cv_env_BZIP2_LIBS_value=
ac_cv_env_CC_set=
ac_cv_env_CC_value=
ac_cv_env_CFLAGS_set=
ac_cv_env_CFLAGS_value=
ac_cv_env_CPPFLAGS_set=
ac_cv_env_CPPFLAGS_value=
ac_cv_env_CPP_set=
ac_cv_env_CPP_value=
ac_cv_env_HARFBUZZ_CFLAGS_set=
ac_cv_env_HARFBUZZ_CFLAGS_value=
ac_cv_env_HARFBUZZ_LIBS_set=
ac_cv_env_HARFBUZZ_LIBS_value=
ac_cv_env_LDFLAGS_set=
ac_cv_env_LDFLAGS_value=
ac_cv_env_LIBPNG_CFLAGS_set=
ac_cv_env_LIBPNG_CFLAGS_value=
ac_cv_env_LIBPNG_LIBS_set=
ac_cv_env_LIBPNG_LIBS_value=
ac_cv_env_LIBS_set=
ac_cv_env_LIBS_value=
ac_cv_env_PKG_CONFIG_LIBDIR_set=
ac_cv_env_PKG_CONFIG_LIBDIR_value=
ac_cv_env_PKG_CONFIG_PATH_set=
ac_cv_env_PKG_CONFIG_PATH_value=
ac_cv_env_PKG_CONFIG_set=
ac_cv_env_PKG_CONFIG_value=
ac_cv_env_ZLIB_CFLAGS_set=
ac_cv_env_ZLIB_CFLAGS_value=
ac_cv_env_ZLIB_LIBS_set=
ac_cv_env_ZLIB_LIBS_value=
ac_cv_env_build_alias_set=
ac_cv_env_build_alias_value=
ac_cv_env_host_alias_set=
ac_cv_env_host_alias_value=
ac_cv_env_target_alias_set=
ac_cv_env_target_alias_value=
ac_cv_func_getpagesize=yes
ac_cv_func_memcpy=yes
ac_cv_func_memmove=yes
ac_cv_func_mmap_fixed_mapped=yes
ac_cv_have_decl_munmap=yes
ac_cv_header_bzlib_h=yes
ac_cv_header_dlfcn_h=yes
ac_cv_header_fcntl_h=yes
ac_cv_header_inttypes_h=yes
ac_cv_header_memory_h=yes
ac_cv_header_stdc=yes
ac_cv_header_stdint_h=yes
ac_cv_header_stdlib_h=yes
ac_cv_header_string_h=yes
ac_cv_header_strings_h=yes
ac_cv_header_sys_param_h=yes
ac_cv_header_sys_stat_h=yes
ac_cv_header_sys_types_h=yes
ac_cv_header_unistd_h=yes
ac_cv_header_zlib_h=yes
ac_cv_host=x86_64-unknown-linux-gnu
ac_cv_lib_bz2_BZ2_bzDecompress=yes
ac_cv_lib_z_gzsetparams=yes
ac_cv_objext=o
ac_cv_path_EGREP='/bin/grep -E'
ac_cv_path_FGREP='/bin/grep -F'
ac_cv_path_GREP=/bin/grep
ac_cv_path_SED=/bin/sed
ac_cv_path_ac_pt_PKG_CONFIG=/usr/bin/pkg-config
ac_cv_path_install='/usr/bin/install -c'
ac_cv_prog_AWK=gawk
ac_cv_prog_CPP='gcc -E'
ac_cv_prog_RMDIR=rmdir
ac_cv_prog_ac_ct_AR=ar
ac_cv_prog_ac_ct_CC=gcc
ac_cv_prog_ac_ct_OBJDUMP=objdump
ac_cv_prog_ac_ct_RANLIB=ranlib
ac_cv_prog_ac_ct_STRIP=strip
ac_cv_prog_cc_c89=
ac_cv_prog_cc_g=yes
ac_cv_sizeof_int=4
ac_cv_sizeof_long=8
lt_cv_ar_at_file=@
lt_cv_archive_cmds_need_lc=no
lt_cv_deplibs_check_method=pass_all
lt_cv_file_magic_cmd='$MAGIC_CMD'
lt_cv_file_magic_test_file=
lt_cv_ld_reload_flag=-r
lt_cv_nm_interface='BSD nm'
lt_cv_objdir=.libs
lt_cv_path_LD=/usr/bin/ld
lt_cv_path_NM='/usr/bin/nm -B'
lt_cv_path_mainfest_tool=no
lt_cv_prog_compiler_c_o=yes
lt_cv_prog_compiler_pic='-fPIC -DPIC'
lt_cv_prog_compiler_pic_works=yes
lt_cv_prog_compiler_rtti_exceptions=no
lt_cv_prog_compiler_static_works=no
lt_cv_prog_gnu_ld=yes
lt_cv_sharedlib_from_linklib_cmd='printf %s\n'
lt_cv_shlibpath_overrides_runpath=no
lt_cv_sys_global_symbol_pipe='sed -n -e '\''s/^.*[	 ]\([ABCDGIRSTW][ABCDGIRSTW]*\)[	 ][	 ]*\([_A-Za-z][_A-Za-z0-9]*\)$/\1 \2 \2/p'\'' | sed '\''/ __gnu_lto/d'\'''
lt_cv_sys_global_symbol_to_c_name_address='sed -n -e '\''s/^: \(.*\) .*$/  {"\1", (void *) 0},/p'\'' -e '\''s/^[ABCDGIRSTW][ABCDGIRSTW]* .* \(.*\)$/  {"\1", (void *) \&\1},/p'\'''
lt_cv_sys_global_symbol_to_c_name_address_lib_prefix='sed -n -e '\''s/^: \(.*\) .*$/  {"\1", (void *) 0},/p'\'' -e '\''s/^[ABCDGIRSTW][ABCDGIRSTW]* .* \(lib.*\)$/  {"\1", (void *) \&\1},/p'\'' -e '\''s/^[ABCDGIRSTW][ABCDGIRSTW]* .* \(.*\)$/  {"lib\1", (void *) \&\1},/p'\'''
lt_cv_sys_global_symbol_to_cdecl='sed -n -e '\''s/^T .* \(.*\)$/extern int \1();/p'\'' -e '\''s/^[ABCDGIRSTW][ABCDGIRSTW]* .* \(.*\)$/extern char \1;/p'\'''
lt_cv_sys_global_symbol_to_import=
lt_cv_sys_max_cmd_len=1966080
lt_cv_to_host_file_cmd=func_convert_file_noop
lt_cv_to_tool_file_cmd=func_convert_file_noop

## ----------------- ##
## Output variables. ##
## ----------------- ##

AR='ar'
AS='as'
AWK='gawk'
BZIP2_CFLAGS=''
BZIP2_LIBS='-lbz2'
CC='gcc'
CC_BUILD='gcc'
CFLAGS='-g -O2  -DFT_CONFIG_OPTION_SYSTEM_ZLIB  -DFT_CONFIG_OPTION_USE_BZIP2'
CPP='gcc -E'
CPPFLAGS=''
DEFS='-DHAVE_CONFIG_H'
DLLTOOL='false'
DSYMUTIL=''
DUMPBIN=''
ECHO_C=''
ECHO_N='-n'
ECHO_T=''
EGREP='/bin/grep -E'
EXEEXT=''
EXEEXT_BUILD=''
FGREP='/bin/grep -F'
FTSYS_SRC='$(BUILD_DIR)/ftsystem.c'
GREP='/bin/grep'
HARFBUZZ_CFLAGS=''
HARFBUZZ_LIBS=''
INSTALL_DATA='${INSTALL} -m 644'
INSTALL_PROGRAM='${INSTALL}'
INSTALL_SCRIPT='${INSTALL}'
LD='/usr/bin/ld -m elf_x86_64'
LDFLAGS=' -lz -lbz2'
LIBOBJS=''
LIBPNG_CFLAGS=''
LIBPNG_LIBS=''
LIBS=''
LIBSSTATIC_CONFIG='-lfreetype -lz -lbz2'
LIBS_PRIVATE='-lz -lbz2'
LIBTOOL='$(SHELL) $(top_builddir)/libtool'
LIPO=''
LN_S='ln -s'
LTLIBOBJS=''
MANIFEST_TOOL=':'
NM='/usr/bin/nm -B'
NMEDIT=''
OBJDUMP='objdump'
OBJEXT='o'
OTOOL64=''
OTOOL=''
PACKAGE_BUGREPORT='freetype@nongnu.org'
PACKAGE_NAME='FreeType'
PACKAGE_STRING='FreeType 2.5.4'
PACKAGE_TARNAME='freetype'
PACKAGE_URL=''
PACKAGE_VERSION='2.5.4'
PATH_SEPARATOR=':'
PKG_CONFIG=''
PKG_CONFIG_LIBDIR=''
PKG_CONFIG_PATH=''
RANLIB='ranlib'
REQUIRES_PRIVATE=''
RMDIR='rmdir'
SED='/bin/sed'
SHELL='/bin/sh'
STRIP='strip'
XX_ANSIFLAGS=' -ansi'
XX_CFLAGS='-Wall'
ZLIB_CFLAGS=''
ZLIB_LIBS='-lz'
ac_ct_AR='ar'
ac_ct_CC='gcc'
ac_ct_DUMPBIN=''
bindir='${exec_prefix}/bin'
build='x86_64-unknown-linux-gnu'
build_alias=''
build_cpu='x86_64'
build_libtool_libs=''
build_os='linux-gnu'
build_vendor='unknown'
datadir='${datarootdir}'
datarootdir='${prefix}/share'
docdir='${datarootdir}/doc/${PACKAGE_TARNAME}'
dvidir='${docdir}'
exec_prefix='${prefix}'
ft_version='17.3.11'
ftmac_c=''
hardcode_libdir_flag_spec='$wl-rpath $wl$libdir'
host='x86_64-unknown-linux-gnu'
host_alias=''
host_cpu='x86_64'
host_os='linux-gnu'
host_vendor='unknown'
htmldir='${docdir}'
includedir='${prefix}/include'
infodir='${datarootdir}/info'
libdir='${exec_prefix}/lib'
libexecdir='${exec_prefix}/libexec'
localedir='${datarootdir}/locale'
localstatedir='${prefix}/var'
mandir='${datarootdir}/man'
oldincludedir='/usr/include'
pdfdir='${docdir}'
prefix='/export/home/acs/stud/c/cristina.necula/CC/montage/lib/src/freetype-2.5.4/../../freetype'
program_transform_name='s,x,x,'
psdir='${docdir}'
sbindir='${exec_prefix}/sbin'
sharedstatedir='${prefix}/com'
sysconfdir='${prefix}/etc'
target_alias=''
version_info='17:3:11'
wl='-Wl,'

## ----------- ##
## confdefs.h. ##
## ----------- ##

/* confdefs.h */
#define PACKAGE_NAME "FreeType"
#define PACKAGE_TARNAME "freetype"
#define PACKAGE_VERSION "2.5.4"
#define PACKAGE_STRING "FreeType 2.5.4"
#define PACKAGE_BUGREPORT "freetype@nongnu.org"
#define PACKAGE_URL ""
#define STDC_HEADERS 1
#define HAVE_SYS_TYPES_H 1
#define HAVE_SYS_STAT_H 1
#define HAVE_STDLIB_H 1
#define HAVE_STRING_H 1
#define HAVE_MEMORY_H 1
#define HAVE_STRINGS_H 1
#define HAVE_INTTYPES_H 1
#define HAVE_STDINT_H 1
#define HAVE_UNISTD_H 1
#define HAVE_DLFCN_H 1
#define LT_OBJDIR ".libs/"
#define STDC_HEADERS 1
#define HAVE_FCNTL_H 1
#define HAVE_UNISTD_H 1
#define SIZEOF_INT 4
#define SIZEOF_LONG 8
#define HAVE_STDLIB_H 1
#define HAVE_UNISTD_H 1
#define HAVE_SYS_PARAM_H 1
#define HAVE_GETPAGESIZE 1
#define HAVE_MMAP 1
#define HAVE_DECL_MUNMAP 1
#define MUNMAP_USES_VOIDP /**/
#define HAVE_MEMCPY 1
#define HAVE_MEMMOVE 1

configure: exit 0
