This file contains any messages produced by compilers while
running configure, to aid debugging if configure makes a mistake.

It was created by configure, which was
generated by GNU Autoconf 2.63.  Invocation command line was

  $ ./configure 

## --------- ##
## Platform. ##
## --------- ##

hostname = fep-62-1.grid.pub.ro
uname -m = x86_64
uname -r = 2.6.32-431.5.1.el6.x86_64
uname -s = Linux
uname -v = #1 SMP Tue Feb 11 13:30:01 CST 2014

/usr/bin/uname -p = unknown
/bin/uname -X     = unknown

/bin/arch              = x86_64
/usr/bin/arch -k       = unknown
/usr/convex/getsysinfo = unknown
/usr/bin/hostinfo      = unknown
/bin/machine           = unknown
/usr/bin/oslevel       = unknown
/bin/universe          = unknown

PATH: /opt/tools/libraries/openmpi/1.6-gcc-4.6.3/bin
PATH: /opt/tools/libraries/openmpi/1.6-gcc-4.4.6/bin
PATH: /usr/lib64/qt-3.3/bin
PATH: /opt/packer
PATH: /bin
PATH: /opt/tools/fs/orangefs-2.8.7/bin
PATH: /opt/tools/fs/orangefs-2.8.7/sbin
PATH: /srv/ncit-cluster/scripts
PATH: /opt/GE2011.11p1/bin/linux-x64
PATH: /usr/local/bin
PATH: /usr/bin
PATH: /usr/local/sbin
PATH: /usr/sbin
PATH: /sbin
PATH: /export/home/acs/stud/c/cristina.necula/bin


## ----------- ##
## Core tests. ##
## ----------- ##

configure:1881: checking for uname
configure:1897: found /bin/uname
configure:1909: result: 1
configure:1932: checking for cc
configure:1948: found /usr/bin/cc
configure:1959: result: cc
configure:2278: checking for C compiler version
configure:2286: cc --version >&5
cc (GCC) 4.4.6 20110731 (Red Hat 4.4.6-3)
Copyright (C) 2010 Free Software Foundation, Inc.
This is free software; see the source for copying conditions.  There is NO
warranty; not even for MERCHANTABILITY or FITNESS FOR A PARTICULAR PURPOSE.

configure:2290: $? = 0
configure:2297: cc -v >&5
Using built-in specs.
Target: x86_64-redhat-linux
Configured with: ../configure --prefix=/usr --mandir=/usr/share/man --infodir=/usr/share/info --with-bugurl=http://bugzilla.redhat.com/bugzilla --enable-bootstrap --enable-shared --enable-threads=posix --enable-checking=release --with-system-zlib --enable-__cxa_atexit --disable-libunwind-exceptions --enable-gnu-unique-object --enable-languages=c,c++,objc,obj-c++,java,fortran,ada --enable-java-awt=gtk --disable-dssi --with-java-home=/usr/lib/jvm/java-1.5.0-gcj-1.5.0.0/jre --enable-libgcj-multifile --enable-java-maintainer-mode --with-ecj-jar=/usr/share/java/eclipse-ecj.jar --disable-libjava-multilib --with-ppl --with-cloog --with-tune=generic --with-arch_32=i686 --build=x86_64-redhat-linux
Thread model: posix
gcc version 4.4.6 20110731 (Red Hat 4.4.6-3) (GCC) 
configure:2301: $? = 0
configure:2308: cc -V >&5
cc: '-V' option must have argument
configure:2312: $? = 1
configure:2335: checking for C compiler default output file name
configure:2357: cc    conftest.c  >&5
configure:2361: $? = 0
configure:2399: result: a.out
configure:2418: checking whether the C compiler works
configure:2428: ./a.out
configure:2432: $? = 0
configure:2451: result: yes
configure:2458: checking whether we are cross compiling
configure:2460: result: no
configure:2463: checking for suffix of executables
configure:2470: cc -o conftest    conftest.c  >&5
configure:2474: $? = 0
configure:2500: result: 
configure:2506: checking for suffix of object files
configure:2532: cc -c   conftest.c >&5
configure:2536: $? = 0
configure:2561: result: o
configure:2565: checking whether we are using the GNU C compiler
configure:2594: cc -c   conftest.c >&5
configure:2601: $? = 0
configure:2618: result: yes
configure:2627: checking whether cc accepts -g
configure:2657: cc -c -g  conftest.c >&5
configure:2664: $? = 0
configure:2765: result: yes
configure:2782: checking for cc option to accept ISO C89
configure:2856: cc  -c -g -O2  conftest.c >&5
configure:2863: $? = 0
configure:2886: result: none needed
configure:2917: checking for gfortran
configure:2933: found /usr/bin/gfortran
configure:2944: result: gfortran
configure:3028: checking for ranlib
configure:3044: found /usr/bin/ranlib
configure:3055: result: ranlib
configure:3084: checking how to run the C preprocessor
configure:3124: cc -E  conftest.c
configure:3131: $? = 0
configure:3162: cc -E  conftest.c
conftest.c:8:28: error: ac_nonexistent.h: No such file or directory
configure:3169: $? = 1
configure: failed program was:
| /* confdefs.h.  */
| #define PACKAGE_NAME ""
| #define PACKAGE_TARNAME ""
| #define PACKAGE_VERSION ""
| #define PACKAGE_STRING ""
| #define PACKAGE_BUGREPORT ""
| /* end confdefs.h.  */
| #include <ac_nonexistent.h>
configure:3202: result: cc -E
configure:3231: cc -E  conftest.c
configure:3238: $? = 0
configure:3269: cc -E  conftest.c
conftest.c:8:28: error: ac_nonexistent.h: No such file or directory
configure:3276: $? = 1
configure: failed program was:
| /* confdefs.h.  */
| #define PACKAGE_NAME ""
| #define PACKAGE_TARNAME ""
| #define PACKAGE_VERSION ""
| #define PACKAGE_STRING ""
| #define PACKAGE_BUGREPORT ""
| /* end confdefs.h.  */
| #include <ac_nonexistent.h>
configure:3316: checking for grep that handles long lines and -e
configure:3376: result: /bin/grep
configure:3381: checking for egrep
configure:3445: result: /bin/grep -E
configure:3450: checking for ANSI C header files
configure:3480: cc -c -g -O2  conftest.c >&5
configure:3487: $? = 0
configure:3586: cc -o conftest -g -O2   conftest.c  >&5
configure:3590: $? = 0
configure:3596: ./conftest
configure:3600: $? = 0
configure:3618: result: yes
configure:3642: checking for sys/types.h
configure:3663: cc -c -g -O2  conftest.c >&5
configure:3670: $? = 0
configure:3687: result: yes
configure:3642: checking for sys/stat.h
configure:3663: cc -c -g -O2  conftest.c >&5
configure:3670: $? = 0
configure:3687: result: yes
configure:3642: checking for stdlib.h
configure:3663: cc -c -g -O2  conftest.c >&5
configure:3670: $? = 0
configure:3687: result: yes
configure:3642: checking for string.h
configure:3663: cc -c -g -O2  conftest.c >&5
configure:3670: $? = 0
configure:3687: result: yes
configure:3642: checking for memory.h
configure:3663: cc -c -g -O2  conftest.c >&5
configure:3670: $? = 0
configure:3687: result: yes
configure:3642: checking for strings.h
configure:3663: cc -c -g -O2  conftest.c >&5
configure:3670: $? = 0
configure:3687: result: yes
configure:3642: checking for inttypes.h
configure:3663: cc -c -g -O2  conftest.c >&5
configure:3670: $? = 0
configure:3687: result: yes
configure:3642: checking for stdint.h
configure:3663: cc -c -g -O2  conftest.c >&5
configure:3670: $? = 0
configure:3687: result: yes
configure:3642: checking for unistd.h
configure:3663: cc -c -g -O2  conftest.c >&5
configure:3670: $? = 0
configure:3687: result: yes
configure:3709: checking for stdlib.h
configure:3716: result: yes
configure:3709: checking for string.h
configure:3716: result: yes
configure:3720: checking math.h usability
configure:3737: cc -c -g -O2  conftest.c >&5
configure:3744: $? = 0
configure:3758: result: yes
configure:3762: checking math.h presence
configure:3777: cc -E  conftest.c
configure:3784: $? = 0
configure:3798: result: yes
configure:3826: checking for math.h
configure:3835: result: yes
configure:3720: checking limits.h usability
configure:3737: cc -c -g -O2  conftest.c >&5
configure:3744: $? = 0
configure:3758: result: yes
configure:3762: checking limits.h presence
configure:3777: cc -E  conftest.c
configure:3784: $? = 0
configure:3798: result: yes
configure:3826: checking for limits.h
configure:3835: result: yes
configure:3873: cc -c -g -O2  conftest.c >&5
configure:3880: $? = 0
configure:4093: checking "whether ftruncate works"
configure:4119: cc -o conftest -g -O2 -Dg77Fortran -fPIC   conftest.c  >&5
configure:4126: $? = 0
configure:4139: result: "yes"
configure:4158: checking "whether long long is defined"
configure:4184: cc -c -g -O2 -Dg77Fortran -fPIC  conftest.c >&5
configure:4191: $? = 0
configure:4201: result: "yes"
configure:4226: checking "whether system V style IPC services are supported"
configure:4257: cc -o conftest -g -O2 -Dg77Fortran -fPIC   conftest.c  >&5
configure:4264: $? = 0
configure:4278: result: "yes"
configure:4299: checking "do we have flock_t defined in sys/fcntl.h"
configure:4325: cc -c -g -O2 -Dg77Fortran -fPIC  conftest.c >&5
conftest.c: In function 'main':
conftest.c:33: error: 'flock_t' undeclared (first use in this function)
conftest.c:33: error: (Each undeclared identifier is reported only once
conftest.c:33: error: for each function it appears in.)
conftest.c:33: error: expected ';' before 'filler'
configure:4332: $? = 1
configure: failed program was:
| /* confdefs.h.  */
| #define PACKAGE_NAME ""
| #define PACKAGE_TARNAME ""
| #define PACKAGE_VERSION ""
| #define PACKAGE_STRING ""
| #define PACKAGE_BUGREPORT ""
| #define STDC_HEADERS 1
| #define HAVE_SYS_TYPES_H 1
| #define HAVE_SYS_STAT_H 1
| #define HAVE_STDLIB_H 1
| #define HAVE_STRING_H 1
| #define HAVE_MEMORY_H 1
| #define HAVE_STRINGS_H 1
| #define HAVE_INTTYPES_H 1
| #define HAVE_STDINT_H 1
| #define HAVE_UNISTD_H 1
| #define HAVE_STDLIB_H 1
| #define HAVE_STRING_H 1
| #define HAVE_MATH_H 1
| #define HAVE_LIMITS_H 1
| #define _LARGEFILE_SOURCE 1
| #define _FILE_OFFSET_BITS 64
| #define HAVE_FTRUNCATE 1
| #define HAVE_LONGLONG 1
| #define HAVE_SHMEM_SERVICES 1
| /* end confdefs.h.  */
| #include <sys/fcntl.h>
| 
| int
| main ()
| {
| 
| flock_t filler;
| 
|   ;
|   return 0;
| }
configure:4349: result: "no"
configure:4356: checking "do we have flock_t defined in sys/flock.h"
configure:4382: cc -c -g -O2 -Dg77Fortran -fPIC  conftest.c >&5
conftest.c:27:23: error: sys/flock.h: No such file or directory
conftest.c: In function 'main':
conftest.c:33: error: 'flock_t' undeclared (first use in this function)
conftest.c:33: error: (Each undeclared identifier is reported only once
conftest.c:33: error: for each function it appears in.)
conftest.c:33: error: expected ';' before 'filler'
configure:4389: $? = 1
configure: failed program was:
| /* confdefs.h.  */
| #define PACKAGE_NAME ""
| #define PACKAGE_TARNAME ""
| #define PACKAGE_VERSION ""
| #define PACKAGE_STRING ""
| #define PACKAGE_BUGREPORT ""
| #define STDC_HEADERS 1
| #define HAVE_SYS_TYPES_H 1
| #define HAVE_SYS_STAT_H 1
| #define HAVE_STDLIB_H 1
| #define HAVE_STRING_H 1
| #define HAVE_MEMORY_H 1
| #define HAVE_STRINGS_H 1
| #define HAVE_INTTYPES_H 1
| #define HAVE_STDINT_H 1
| #define HAVE_UNISTD_H 1
| #define HAVE_STDLIB_H 1
| #define HAVE_STRING_H 1
| #define HAVE_MATH_H 1
| #define HAVE_LIMITS_H 1
| #define _LARGEFILE_SOURCE 1
| #define _FILE_OFFSET_BITS 64
| #define HAVE_FTRUNCATE 1
| #define HAVE_LONGLONG 1
| #define HAVE_SHMEM_SERVICES 1
| /* end confdefs.h.  */
| #include <sys/flock.h>
| 
| int
| main ()
| {
| 
|    flock_t filler;
| 
|   ;
|   return 0;
| }
configure:4406: result: "no"
configure:4418: checking "do we have union semun defined"
configure:4446: cc -c -g -O2 -Dg77Fortran -fPIC  conftest.c >&5
conftest.c: In function 'main':
conftest.c:35: error: storage size of 'filler' isn't known
configure:4453: $? = 1
configure: failed program was:
| /* confdefs.h.  */
| #define PACKAGE_NAME ""
| #define PACKAGE_TARNAME ""
| #define PACKAGE_VERSION ""
| #define PACKAGE_STRING ""
| #define PACKAGE_BUGREPORT ""
| #define STDC_HEADERS 1
| #define HAVE_SYS_TYPES_H 1
| #define HAVE_SYS_STAT_H 1
| #define HAVE_STDLIB_H 1
| #define HAVE_STRING_H 1
| #define HAVE_MEMORY_H 1
| #define HAVE_STRINGS_H 1
| #define HAVE_INTTYPES_H 1
| #define HAVE_STDINT_H 1
| #define HAVE_UNISTD_H 1
| #define HAVE_STDLIB_H 1
| #define HAVE_STRING_H 1
| #define HAVE_MATH_H 1
| #define HAVE_LIMITS_H 1
| #define _LARGEFILE_SOURCE 1
| #define _FILE_OFFSET_BITS 64
| #define HAVE_FTRUNCATE 1
| #define HAVE_LONGLONG 1
| #define HAVE_SHMEM_SERVICES 1
| /* end confdefs.h.  */
| #include <sys/ipc.h>
| #include <sys/shm.h>
| #include <sys/sem.h>
| 
| int
| main ()
| {
| 
| union semun filler;
| 
|   ;
|   return 0;
| }
configure:4470: result: "no"
configure:4479: checking for library containing gethostbyname
configure:4520: cc -o conftest -g -O2 -Dg77Fortran -fPIC   conftest.c  >&5
configure:4527: $? = 0
configure:4558: result: none required
configure:4568: checking for library containing connect
configure:4609: cc -o conftest -g -O2 -Dg77Fortran -fPIC   conftest.c  >&5
configure:4616: $? = 0
configure:4647: result: none required
configure:4891: creating ./config.status

## ---------------------- ##
## Running config.status. ##
## ---------------------- ##

This file was extended by config.status, which was
generated by GNU Autoconf 2.63.  Invocation command line was

  CONFIG_FILES    = 
  CONFIG_HEADERS  = 
  CONFIG_LINKS    = 
  CONFIG_COMMANDS = 
  $ ./config.status 

on fep-62-1.grid.pub.ro

config.status:657: creating Makefile
configure:6003: creating ./config.status

## ---------------------- ##
## Running config.status. ##
## ---------------------- ##

This file was extended by config.status, which was
generated by GNU Autoconf 2.63.  Invocation command line was

  CONFIG_FILES    = 
  CONFIG_HEADERS  = 
  CONFIG_LINKS    = 
  CONFIG_COMMANDS = 
  $ ./config.status 

on fep-62-1.grid.pub.ro

config.status:658: creating Makefile
config.status:658: creating cfitsio.pc
configure:6978: result: 
configure:6980: result:     Congratulations, Makefile update was successful.
configure:6982: result:     You may want to run "make" now.
configure:6984: result: 

## ---------------- ##
## Cache variables. ##
## ---------------- ##

ac_cv_c_compiler_gnu=yes
ac_cv_env_CC_set=
ac_cv_env_CC_value=
ac_cv_env_CFLAGS_set=
ac_cv_env_CFLAGS_value=
ac_cv_env_CPPFLAGS_set=
ac_cv_env_CPPFLAGS_value=
ac_cv_env_CPP_set=
ac_cv_env_CPP_value=
ac_cv_env_LDFLAGS_set=
ac_cv_env_LDFLAGS_value=
ac_cv_env_LIBS_set=
ac_cv_env_LIBS_value=
ac_cv_env_build_alias_set=
ac_cv_env_build_alias_value=
ac_cv_env_host_alias_set=
ac_cv_env_host_alias_value=
ac_cv_env_target_alias_set=
ac_cv_env_target_alias_value=
ac_cv_header_inttypes_h=yes
ac_cv_header_limits_h=yes
ac_cv_header_math_h=yes
ac_cv_header_memory_h=yes
ac_cv_header_stdc=yes
ac_cv_header_stdint_h=yes
ac_cv_header_stdlib_h=yes
ac_cv_header_string_h=yes
ac_cv_header_strings_h=yes
ac_cv_header_sys_stat_h=yes
ac_cv_header_sys_types_h=yes
ac_cv_header_unistd_h=yes
ac_cv_objext=o
ac_cv_path_EGREP='/bin/grep -E'
ac_cv_path_GREP=/bin/grep
ac_cv_prog_CC=cc
ac_cv_prog_CPP='cc -E'
ac_cv_prog_FC=gfortran
ac_cv_prog_ac_ct_RANLIB=ranlib
ac_cv_prog_cc_c89=
ac_cv_prog_cc_g=yes
ac_cv_prog_uname_found=1
ac_cv_search_connect='none required'
ac_cv_search_gethostbyname='none required'

## ----------------- ##
## Output variables. ##
## ----------------- ##

ARCH='linux'
CC='cc'
CFLAGS='-g -O2 -Dg77Fortran -fPIC'
CPP='cc -E'
CPPFLAGS=''
DEFS='-DPACKAGE_NAME=\"\" -DPACKAGE_TARNAME=\"\" -DPACKAGE_VERSION=\"\" -DPACKAGE_STRING=\"\" -DPACKAGE_BUGREPORT=\"\" -DSTDC_HEADERS=1 -DHAVE_SYS_TYPES_H=1 -DHAVE_SYS_STAT_H=1 -DHAVE_STDLIB_H=1 -DHAVE_STRING_H=1 -DHAVE_MEMORY_H=1 -DHAVE_STRINGS_H=1 -DHAVE_INTTYPES_H=1 -DHAVE_STDINT_H=1 -DHAVE_UNISTD_H=1 -DHAVE_STDLIB_H=1 -DHAVE_STRING_H=1 -DHAVE_MATH_H=1 -DHAVE_LIMITS_H=1 -D_LARGEFILE_SOURCE=1 -D_FILE_OFFSET_BITS=64 -DHAVE_FTRUNCATE=1 -DHAVE_LONGLONG=1 -DHAVE_SHMEM_SERVICES=1 -DHAVE_NET_SERVICES=1'
ECHO_C=''
ECHO_N='-n'
ECHO_T=''
EGREP='/bin/grep -E'
EXEEXT=''
F77_WRAPPERS='${FITSIO_SRC}'
FC='gfortran'
GCCVERSION='4.4.6'
GREP='/bin/grep'
INSTALL_ROOT='${prefix}'
LDFLAGS=''
LIBOBJS=''
LIBPRE=''
LIBS=''
LTLIBOBJS=''
OBJEXT='o'
PACKAGE_BUGREPORT=''
PACKAGE_NAME=''
PACKAGE_STRING=''
PACKAGE_TARNAME=''
PACKAGE_VERSION=''
PATH_SEPARATOR=':'
RANLIB='ranlib'
SHELL='/bin/sh'
SHLIB_LD='cc -shared'
SHLIB_SUFFIX='.so'
ac_ct_CC=''
bindir='${exec_prefix}/bin'
build_alias=''
datadir='${datarootdir}'
datarootdir='${prefix}/share'
docdir='${datarootdir}/doc/${PACKAGE}'
dvidir='${docdir}'
exec_prefix='${prefix}'
host_alias=''
htmldir='${docdir}'
includedir='${prefix}/include'
infodir='${datarootdir}/info'
libdir='${exec_prefix}/lib'
libexecdir='${exec_prefix}/libexec'
localedir='${datarootdir}/locale'
localstatedir='${prefix}/var'
mandir='${datarootdir}/man'
my_shmem='${SOURCES_SHMEM}'
oldincludedir='/usr/include'
pdfdir='${docdir}'
prefix='/export/home/acs/stud/c/cristina.necula/CC/montage/lib/src/cfitsio-3.25'
program_transform_name='s,x,x,'
psdir='${docdir}'
sbindir='${exec_prefix}/sbin'
sharedstatedir='${prefix}/com'
sysconfdir='${prefix}/etc'
target_alias=''
uname_found='1'

## ----------- ##
## confdefs.h. ##
## ----------- ##

#define PACKAGE_NAME ""
#define PACKAGE_TARNAME ""
#define PACKAGE_VERSION ""
#define PACKAGE_STRING ""
#define PACKAGE_BUGREPORT ""
#define STDC_HEADERS 1
#define HAVE_SYS_TYPES_H 1
#define HAVE_SYS_STAT_H 1
#define HAVE_STDLIB_H 1
#define HAVE_STRING_H 1
#define HAVE_MEMORY_H 1
#define HAVE_STRINGS_H 1
#define HAVE_INTTYPES_H 1
#define HAVE_STDINT_H 1
#define HAVE_UNISTD_H 1
#define HAVE_STDLIB_H 1
#define HAVE_STRING_H 1
#define HAVE_MATH_H 1
#define HAVE_LIMITS_H 1
#define _LARGEFILE_SOURCE 1
#define _FILE_OFFSET_BITS 64
#define HAVE_FTRUNCATE 1
#define HAVE_LONGLONG 1
#define HAVE_SHMEM_SERVICES 1
#define HAVE_NET_SERVICES 1

configure: exit 0
